mode: set
3layerarch/service/task/mock_interface.go:33.63,37.2 3 1
3layerarch/service/task/mock_interface.go:40.61,42.2 1 1
3layerarch/service/task/mock_interface.go:45.76,50.2 4 1
3layerarch/service/task/mock_interface.go:53.74,56.2 2 1
3layerarch/service/task/mock_interface.go:59.69,64.2 4 1
3layerarch/service/task/mock_interface.go:67.75,70.2 2 1
3layerarch/service/task/mock_interface.go:73.81,79.2 5 1
3layerarch/service/task/mock_interface.go:82.72,85.2 2 1
3layerarch/service/task/mock_interface.go:88.69,93.2 4 1
3layerarch/service/task/mock_interface.go:96.75,99.2 2 1
3layerarch/service/task/mock_interface.go:102.77,108.2 5 1
3layerarch/service/task/mock_interface.go:111.70,114.2 2 1
3layerarch/service/task/mock_interface.go:129.67,133.2 3 1
3layerarch/service/task/mock_interface.go:136.65,138.2 1 1
3layerarch/service/task/mock_interface.go:141.83,147.2 5 1
3layerarch/service/task/mock_interface.go:150.74,153.2 2 1
3layerarch/service/task/service.go:29.49,31.2 1 1
3layerarch/service/task/service.go:33.70,36.18 2 1
3layerarch/service/task/service.go:36.18,38.3 1 1
3layerarch/service/task/service.go:40.2,41.16 2 1
3layerarch/service/task/service.go:41.16,43.3 1 1
3layerarch/service/task/service.go:44.2,44.39 1 1
3layerarch/service/task/service.go:47.75,48.13 1 1
3layerarch/service/task/service.go:48.13,50.3 1 1
3layerarch/service/task/service.go:51.2,52.16 2 1
3layerarch/service/task/service.go:52.16,53.27 1 1
3layerarch/service/task/service.go:53.27,55.4 1 1
3layerarch/service/task/service.go:56.3,56.28 1 1
3layerarch/service/task/service.go:58.2,58.18 1 1
3layerarch/service/task/service.go:61.71,63.2 1 1
3layerarch/service/task/service.go:65.63,66.13 1 1
3layerarch/service/task/service.go:66.13,68.3 1 1
3layerarch/service/task/service.go:69.2,70.16 2 1
3layerarch/service/task/service.go:70.16,71.27 1 1
3layerarch/service/task/service.go:71.27,73.4 1 1
3layerarch/service/task/service.go:74.3,74.13 1 1
3layerarch/service/task/service.go:76.2,76.40 1 1
3layerarch/service/task/service.go:79.63,80.13 1 1
3layerarch/service/task/service.go:80.13,82.3 1 1
3layerarch/service/task/service.go:83.2,84.16 2 1
3layerarch/service/task/service.go:84.16,85.27 1 1
3layerarch/service/task/service.go:85.27,87.4 1 1
3layerarch/service/task/service.go:88.3,88.13 1 1
3layerarch/service/task/service.go:90.2,90.40 1 1
