mode: set
/Users/zopdev/Documents/Assignment/day-8/main.go:24.72,28.16 3 1
/Users/zopdev/Documents/Assignment/day-8/main.go:28.16,31.3 2 0
/Users/zopdev/Documents/Assignment/day-8/main.go:33.2,36.16 3 1
/Users/zopdev/Documents/Assignment/day-8/main.go:36.16,39.3 2 0
/Users/zopdev/Documents/Assignment/day-8/main.go:41.2,52.16 6 1
/Users/zopdev/Documents/Assignment/day-8/main.go:52.16,55.3 2 0
/Users/zopdev/Documents/Assignment/day-8/main.go:57.2,57.51 1 1
/Users/zopdev/Documents/Assignment/day-8/main.go:57.51,59.3 1 0
/Users/zopdev/Documents/Assignment/day-8/main.go:63.72,67.49 3 1
/Users/zopdev/Documents/Assignment/day-8/main.go:67.49,70.3 2 0
/Users/zopdev/Documents/Assignment/day-8/main.go:72.2,75.16 3 1
/Users/zopdev/Documents/Assignment/day-8/main.go:75.16,78.3 2 0
/Users/zopdev/Documents/Assignment/day-8/main.go:80.2,80.51 1 1
/Users/zopdev/Documents/Assignment/day-8/main.go:80.51,82.3 1 0
/Users/zopdev/Documents/Assignment/day-8/main.go:86.72,90.16 3 1
/Users/zopdev/Documents/Assignment/day-8/main.go:90.16,93.3 2 0
/Users/zopdev/Documents/Assignment/day-8/main.go:95.2,95.51 1 1
/Users/zopdev/Documents/Assignment/day-8/main.go:95.51,97.3 1 0
/Users/zopdev/Documents/Assignment/day-8/main.go:101.77,105.49 3 1
/Users/zopdev/Documents/Assignment/day-8/main.go:105.49,108.3 2 0
/Users/zopdev/Documents/Assignment/day-8/main.go:110.2,116.16 5 1
/Users/zopdev/Documents/Assignment/day-8/main.go:116.16,119.3 2 0
/Users/zopdev/Documents/Assignment/day-8/main.go:121.2,121.51 1 1
/Users/zopdev/Documents/Assignment/day-8/main.go:121.51,123.3 1 0
/Users/zopdev/Documents/Assignment/day-8/main.go:127.75,131.49 3 1
/Users/zopdev/Documents/Assignment/day-8/main.go:131.49,134.3 2 0
/Users/zopdev/Documents/Assignment/day-8/main.go:136.2,142.16 5 1
/Users/zopdev/Documents/Assignment/day-8/main.go:142.16,145.3 2 0
/Users/zopdev/Documents/Assignment/day-8/main.go:147.2,147.51 1 1
/Users/zopdev/Documents/Assignment/day-8/main.go:147.51,149.3 1 0
/Users/zopdev/Documents/Assignment/day-8/main.go:152.13,170.48 9 0
/Users/zopdev/Documents/Assignment/day-8/main.go:170.48,172.3 1 0
